<?xml version="1.0" encoding="UTF-8"?>
<!-- Generated by org.testng.reporters.JUnitReportReporter -->
<testsuite hostname="LAPTOP-MI7VST9D" failures="0" tests="14" name="Test1.TesNGClass" time="83.126" errors="0" timestamp="2022-02-03T13:16:30 IST" skipped="0">
  <testcase classname="Test1.TesNGClass" name="toVerifyUserTab" time="13.767"/>
  <system-out/>
  <testcase classname="Test1.TesNGClass" name="toVerifyUserTab" time="10.470"/>
  <system-out/>
  <testcase classname="Test1.TesNGClass" name="testB" time="4.104"/>
  <system-out/>
  <testcase classname="Test1.TesNGClass" name="testB" time="3.818"/>
  <system-out/>
  <testcase classname="Test1.TesNGClass" name="testB" time="3.714"/>
  <system-out/>
  <testcase classname="Test1.TesNGClass" name="testB" time="6.966"/>
  <system-out/>
  <testcase classname="Test1.TesNGClass" name="testB" time="4.541"/>
  <system-out/>
  <testcase classname="Test1.TesNGClass" name="testB" time="3.496"/>
  <system-out/>
  <testcase classname="Test1.TesNGClass" name="testA" time="3.438"/>
  <system-out/>
  <testcase classname="Test1.TesNGClass" name="testA" time="6.333"/>
  <system-out/>
  <testcase classname="Test1.TesNGClass" name="testC" time="4.097"/>
  <system-out/>
  <testcase classname="Test1.TesNGClass" name="testC" time="9.027"/>
  <system-out/>
  <testcase classname="Test1.TesNGClass" name="testD" time="4.772"/>
  <system-out/>
  <testcase classname="Test1.TesNGClass" name="testD" time="4.583"/>
  <system-out/>
</testsuite> <!-- Test1.TesNGClass -->
